<?xml version="1.0" encoding="UTF-8"?>
<testng-results ignored="0" total="9" passed="1" failed="1" skipped="7">
  <reporter-output>
  </reporter-output>
  <suite started-at="2022-05-09T16:10:37 IST" name="Default suite" finished-at="2022-05-09T16:10:47 IST" duration-ms="10054">
    <groups>
      <group name="DrivingSchool">
        <method signature="DrivingSchoolTestStudent.launchDrivingSchool()[pri:0, instance:com.drivingschool.DrivingSchoolTestStudent@626abbd0]" name="launchDrivingSchool" class="com.drivingschool.DrivingSchoolTestStudent"/>
        <method signature="DrivingSchoolTestStudent.clicklogin()[pri:0, instance:com.drivingschool.DrivingSchoolTestStudent@626abbd0]" name="clicklogin" class="com.drivingschool.DrivingSchoolTestStudent"/>
        <method signature="DrivingSchoolTestStudent.registerstudent()[pri:0, instance:com.drivingschool.DrivingSchoolTestStudent@626abbd0]" name="registerstudent" class="com.drivingschool.DrivingSchoolTestStudent"/>
        <method signature="DrivingSchoolTestStudent.login()[pri:0, instance:com.drivingschool.DrivingSchoolTestStudent@626abbd0]" name="login" class="com.drivingschool.DrivingSchoolTestStudent"/>
        <method signature="DrivingSchoolTestStudent.choosepackage()[pri:0, instance:com.drivingschool.DrivingSchoolTestStudent@626abbd0]" name="choosepackage" class="com.drivingschool.DrivingSchoolTestStudent"/>
        <method signature="DrivingSchoolTestStudent.choosepackagelocation()[pri:0, instance:com.drivingschool.DrivingSchoolTestStudent@626abbd0]" name="choosepackagelocation" class="com.drivingschool.DrivingSchoolTestStudent"/>
        <method signature="DrivingSchoolTestStudent.changepwd()[pri:0, instance:com.drivingschool.DrivingSchoolTestStudent@626abbd0]" name="changepwd" class="com.drivingschool.DrivingSchoolTestStudent"/>
        <method signature="DrivingSchoolTestStudent.loginagain()[pri:0, instance:com.drivingschool.DrivingSchoolTestStudent@626abbd0]" name="loginagain" class="com.drivingschool.DrivingSchoolTestStudent"/>
        <method signature="DrivingSchoolTestStudent.logout()[pri:0, instance:com.drivingschool.DrivingSchoolTestStudent@626abbd0]" name="logout" class="com.drivingschool.DrivingSchoolTestStudent"/>
      </group> <!-- DrivingSchool -->
    </groups>
    <test started-at="2022-05-09T16:10:37 IST" name="Default test" finished-at="2022-05-09T16:10:47 IST" duration-ms="10054">
      <class name="com.drivingschool.DrivingSchoolTestStudent">
        <test-method signature="launchDrivingSchool()[pri:0, instance:com.drivingschool.DrivingSchoolTestStudent@626abbd0]" started-at="2022-05-09T16:10:37 IST" name="launchDrivingSchool" finished-at="2022-05-09T16:10:47 IST" duration-ms="9970" status="PASS">
          <reporter-output>
          </reporter-output>
        </test-method> <!-- launchDrivingSchool -->
        <test-method signature="clicklogin()[pri:0, instance:com.drivingschool.DrivingSchoolTestStudent@626abbd0]" started-at="2022-05-09T16:10:47 IST" name="clicklogin" finished-at="2022-05-09T16:10:47 IST" depends-on-methods="com.drivingschool.DrivingSchoolTestStudent.launchDrivingSchool" duration-ms="29" status="FAIL">
          <exception class="org.openqa.selenium.NoSuchElementException">
            <message>
              <![CDATA[no such element: Unable to locate element: {"method":"link text","selector":"Student Login"}
  (Session info: chrome=101.0.4951.54)
For documentation on this error, please visit: https://www.seleniumhq.org/exceptions/no_such_element.html
Build info: version: '3.141.59', revision: 'e82be7d358', time: '2018-11-14T08:17:03'
System info: host: 'LAPTOP-K652M3S4', ip: '192.168.1.100', os.name: 'Windows 11', os.arch: 'amd64', os.version: '10.0', java.version: '17.0.2'
Driver info: org.openqa.selenium.chrome.ChromeDriver
Capabilities {acceptInsecureCerts: false, browserName: chrome, browserVersion: 101.0.4951.54, chrome: {chromedriverVersion: 100.0.4896.60 (6a5d10861ce8..., userDataDir: C:\Users\Hp\AppData\Local\T...}, goog:chromeOptions: {debuggerAddress: localhost:55279}, javascriptEnabled: true, networkConnectionEnabled: false, pageLoadStrategy: normal, platform: WINDOWS, platformName: WINDOWS, proxy: Proxy(), setWindowRect: true, strictFileInteractability: false, timeouts: {implicit: 0, pageLoad: 300000, script: 30000}, unhandledPromptBehavior: dismiss and notify, webauthn:extension:credBlob: true, webauthn:extension:largeBlob: true, webauthn:virtualAuthenticators: true}
Session ID: 033f091dd6067a66ecea8e21ee87ac9d
*** Element info: {Using=link text, value=Student Login}]]>
            </message>
            <full-stacktrace>
              <![CDATA[org.openqa.selenium.NoSuchElementException: no such element: Unable to locate element: {"method":"link text","selector":"Student Login"}
  (Session info: chrome=101.0.4951.54)
For documentation on this error, please visit: https://www.seleniumhq.org/exceptions/no_such_element.html
Build info: version: '3.141.59', revision: 'e82be7d358', time: '2018-11-14T08:17:03'
System info: host: 'LAPTOP-K652M3S4', ip: '192.168.1.100', os.name: 'Windows 11', os.arch: 'amd64', os.version: '10.0', java.version: '17.0.2'
Driver info: org.openqa.selenium.chrome.ChromeDriver
Capabilities {acceptInsecureCerts: false, browserName: chrome, browserVersion: 101.0.4951.54, chrome: {chromedriverVersion: 100.0.4896.60 (6a5d10861ce8..., userDataDir: C:\Users\Hp\AppData\Local\T...}, goog:chromeOptions: {debuggerAddress: localhost:55279}, javascriptEnabled: true, networkConnectionEnabled: false, pageLoadStrategy: normal, platform: WINDOWS, platformName: WINDOWS, proxy: Proxy(), setWindowRect: true, strictFileInteractability: false, timeouts: {implicit: 0, pageLoad: 300000, script: 30000}, unhandledPromptBehavior: dismiss and notify, webauthn:extension:credBlob: true, webauthn:extension:largeBlob: true, webauthn:virtualAuthenticators: true}
Session ID: 033f091dd6067a66ecea8e21ee87ac9d
*** Element info: {Using=link text, value=Student Login}
at java.base/jdk.internal.reflect.NativeConstructorAccessorImpl.newInstance0(Native Method)
at java.base/jdk.internal.reflect.NativeConstructorAccessorImpl.newInstance(NativeConstructorAccessorImpl.java:77)
at java.base/jdk.internal.reflect.DelegatingConstructorAccessorImpl.newInstance(DelegatingConstructorAccessorImpl.java:45)
at java.base/java.lang.reflect.Constructor.newInstanceWithCaller(Constructor.java:499)
at java.base/java.lang.reflect.Constructor.newInstance(Constructor.java:480)
at org.openqa.selenium.remote.http.W3CHttpResponseCodec.createException(W3CHttpResponseCodec.java:187)
at org.openqa.selenium.remote.http.W3CHttpResponseCodec.decode(W3CHttpResponseCodec.java:122)
at org.openqa.selenium.remote.http.W3CHttpResponseCodec.decode(W3CHttpResponseCodec.java:49)
at org.openqa.selenium.remote.HttpCommandExecutor.execute(HttpCommandExecutor.java:158)
at org.openqa.selenium.remote.service.DriverCommandExecutor.execute(DriverCommandExecutor.java:83)
at org.openqa.selenium.remote.RemoteWebDriver.execute(RemoteWebDriver.java:552)
at org.openqa.selenium.remote.RemoteWebDriver.findElement(RemoteWebDriver.java:323)
at org.openqa.selenium.remote.RemoteWebDriver.findElementByLinkText(RemoteWebDriver.java:380)
at org.openqa.selenium.By$ByLinkText.findElement(By.java:220)
at org.openqa.selenium.remote.RemoteWebDriver.findElement(RemoteWebDriver.java:315)
at com.drivingschool.DrivingSchoolTestStudent.clicklogin(DrivingSchoolTestStudent.java:23)
at java.base/jdk.internal.reflect.NativeMethodAccessorImpl.invoke0(Native Method)
at java.base/jdk.internal.reflect.NativeMethodAccessorImpl.invoke(NativeMethodAccessorImpl.java:77)
at java.base/jdk.internal.reflect.DelegatingMethodAccessorImpl.invoke(DelegatingMethodAccessorImpl.java:43)
at java.base/java.lang.reflect.Method.invoke(Method.java:568)
at org.testng.internal.invokers.MethodInvocationHelper.invokeMethod(MethodInvocationHelper.java:135)
at org.testng.internal.invokers.TestInvoker.invokeMethod(TestInvoker.java:673)
at org.testng.internal.invokers.TestInvoker.invokeTestMethod(TestInvoker.java:220)
at org.testng.internal.invokers.MethodRunner.runInSequence(MethodRunner.java:50)
at org.testng.internal.invokers.TestInvoker$MethodInvocationAgent.invoke(TestInvoker.java:945)
at org.testng.internal.invokers.TestInvoker.invokeTestMethods(TestInvoker.java:193)
at org.testng.internal.invokers.TestMethodWorker.invokeTestMethods(TestMethodWorker.java:146)
at org.testng.internal.invokers.TestMethodWorker.run(TestMethodWorker.java:128)
at java.base/java.util.ArrayList.forEach(ArrayList.java:1511)
at org.testng.TestRunner.privateRun(TestRunner.java:808)
at org.testng.TestRunner.run(TestRunner.java:603)
at org.testng.SuiteRunner.runTest(SuiteRunner.java:429)
at org.testng.SuiteRunner.runSequentially(SuiteRunner.java:423)
at org.testng.SuiteRunner.privateRun(SuiteRunner.java:383)
at org.testng.SuiteRunner.run(SuiteRunner.java:326)
at org.testng.SuiteRunnerWorker.runSuite(SuiteRunnerWorker.java:52)
at org.testng.SuiteRunnerWorker.run(SuiteRunnerWorker.java:95)
at org.testng.TestNG.runSuitesSequentially(TestNG.java:1249)
at org.testng.TestNG.runSuitesLocally(TestNG.java:1169)
at org.testng.TestNG.runSuites(TestNG.java:1092)
at org.testng.TestNG.run(TestNG.java:1060)
at org.testng.remote.AbstractRemoteTestNG.run(AbstractRemoteTestNG.java:115)
at org.testng.remote.RemoteTestNG.initAndRun(RemoteTestNG.java:251)
at org.testng.remote.RemoteTestNG.main(RemoteTestNG.java:77)
]]>
            </full-stacktrace>
          </exception> <!-- org.openqa.selenium.NoSuchElementException -->
          <reporter-output>
          </reporter-output>
        </test-method> <!-- clicklogin -->
        <test-method signature="registerstudent()[pri:0, instance:com.drivingschool.DrivingSchoolTestStudent@626abbd0]" started-at="2022-05-09T16:10:47 IST" name="registerstudent" finished-at="2022-05-09T16:10:47 IST" depends-on-methods="com.drivingschool.DrivingSchoolTestStudent.clicklogin" duration-ms="0" status="SKIP">
          <exception class="java.lang.Throwable">
            <message>
              <![CDATA[Method com.drivingschool.DrivingSchoolTestStudent.registerstudent() on instance com.drivingschool.DrivingSchoolTestStudent@626abbd0 depends on not successfully finished methods 
[com.drivingschool.DrivingSchoolTestStudent.clicklogin() on instance com.drivingschool.DrivingSchoolTestStudent@626abbd0]]]>
            </message>
            <full-stacktrace>
              <![CDATA[java.lang.Throwable: Method com.drivingschool.DrivingSchoolTestStudent.registerstudent() on instance com.drivingschool.DrivingSchoolTestStudent@626abbd0 depends on not successfully finished methods 
[com.drivingschool.DrivingSchoolTestStudent.clicklogin() on instance com.drivingschool.DrivingSchoolTestStudent@626abbd0]
at org.testng.internal.invokers.TestInvoker.invokeTestMethods(TestInvoker.java:149)
at org.testng.internal.invokers.TestMethodWorker.invokeTestMethods(TestMethodWorker.java:146)
at org.testng.internal.invokers.TestMethodWorker.run(TestMethodWorker.java:128)
at java.base/java.util.ArrayList.forEach(ArrayList.java:1511)
at org.testng.TestRunner.privateRun(TestRunner.java:808)
at org.testng.TestRunner.run(TestRunner.java:603)
at org.testng.SuiteRunner.runTest(SuiteRunner.java:429)
at org.testng.SuiteRunner.runSequentially(SuiteRunner.java:423)
at org.testng.SuiteRunner.privateRun(SuiteRunner.java:383)
at org.testng.SuiteRunner.run(SuiteRunner.java:326)
at org.testng.SuiteRunnerWorker.runSuite(SuiteRunnerWorker.java:52)
at org.testng.SuiteRunnerWorker.run(SuiteRunnerWorker.java:95)
at org.testng.TestNG.runSuitesSequentially(TestNG.java:1249)
at org.testng.TestNG.runSuitesLocally(TestNG.java:1169)
at org.testng.TestNG.runSuites(TestNG.java:1092)
at org.testng.TestNG.run(TestNG.java:1060)
at org.testng.remote.AbstractRemoteTestNG.run(AbstractRemoteTestNG.java:115)
at org.testng.remote.RemoteTestNG.initAndRun(RemoteTestNG.java:251)
at org.testng.remote.RemoteTestNG.main(RemoteTestNG.java:77)
]]>
            </full-stacktrace>
          </exception> <!-- java.lang.Throwable -->
          <reporter-output>
          </reporter-output>
        </test-method> <!-- registerstudent -->
        <test-method signature="login()[pri:0, instance:com.drivingschool.DrivingSchoolTestStudent@626abbd0]" started-at="2022-05-09T16:10:47 IST" name="login" finished-at="2022-05-09T16:10:47 IST" depends-on-methods="com.drivingschool.DrivingSchoolTestStudent.registerstudent" duration-ms="0" status="SKIP">
          <exception class="java.lang.Throwable">
            <message>
              <![CDATA[Method com.drivingschool.DrivingSchoolTestStudent.login() on instance com.drivingschool.DrivingSchoolTestStudent@626abbd0 depends on not successfully finished methods 
[com.drivingschool.DrivingSchoolTestStudent.registerstudent() on instance com.drivingschool.DrivingSchoolTestStudent@626abbd0]]]>
            </message>
            <full-stacktrace>
              <![CDATA[java.lang.Throwable: Method com.drivingschool.DrivingSchoolTestStudent.login() on instance com.drivingschool.DrivingSchoolTestStudent@626abbd0 depends on not successfully finished methods 
[com.drivingschool.DrivingSchoolTestStudent.registerstudent() on instance com.drivingschool.DrivingSchoolTestStudent@626abbd0]
at org.testng.internal.invokers.TestInvoker.invokeTestMethods(TestInvoker.java:149)
at org.testng.internal.invokers.TestMethodWorker.invokeTestMethods(TestMethodWorker.java:146)
at org.testng.internal.invokers.TestMethodWorker.run(TestMethodWorker.java:128)
at java.base/java.util.ArrayList.forEach(ArrayList.java:1511)
at org.testng.TestRunner.privateRun(TestRunner.java:808)
at org.testng.TestRunner.run(TestRunner.java:603)
at org.testng.SuiteRunner.runTest(SuiteRunner.java:429)
at org.testng.SuiteRunner.runSequentially(SuiteRunner.java:423)
at org.testng.SuiteRunner.privateRun(SuiteRunner.java:383)
at org.testng.SuiteRunner.run(SuiteRunner.java:326)
at org.testng.SuiteRunnerWorker.runSuite(SuiteRunnerWorker.java:52)
at org.testng.SuiteRunnerWorker.run(SuiteRunnerWorker.java:95)
at org.testng.TestNG.runSuitesSequentially(TestNG.java:1249)
at org.testng.TestNG.runSuitesLocally(TestNG.java:1169)
at org.testng.TestNG.runSuites(TestNG.java:1092)
at org.testng.TestNG.run(TestNG.java:1060)
at org.testng.remote.AbstractRemoteTestNG.run(AbstractRemoteTestNG.java:115)
at org.testng.remote.RemoteTestNG.initAndRun(RemoteTestNG.java:251)
at org.testng.remote.RemoteTestNG.main(RemoteTestNG.java:77)
]]>
            </full-stacktrace>
          </exception> <!-- java.lang.Throwable -->
          <reporter-output>
          </reporter-output>
        </test-method> <!-- login -->
        <test-method signature="choosepackage()[pri:0, instance:com.drivingschool.DrivingSchoolTestStudent@626abbd0]" started-at="2022-05-09T16:10:47 IST" name="choosepackage" finished-at="2022-05-09T16:10:47 IST" depends-on-methods="com.drivingschool.DrivingSchoolTestStudent.login" duration-ms="0" status="SKIP">
          <exception class="java.lang.Throwable">
            <message>
              <![CDATA[Method com.drivingschool.DrivingSchoolTestStudent.choosepackage() on instance com.drivingschool.DrivingSchoolTestStudent@626abbd0 depends on not successfully finished methods 
[com.drivingschool.DrivingSchoolTestStudent.login() on instance com.drivingschool.DrivingSchoolTestStudent@626abbd0]]]>
            </message>
            <full-stacktrace>
              <![CDATA[java.lang.Throwable: Method com.drivingschool.DrivingSchoolTestStudent.choosepackage() on instance com.drivingschool.DrivingSchoolTestStudent@626abbd0 depends on not successfully finished methods 
[com.drivingschool.DrivingSchoolTestStudent.login() on instance com.drivingschool.DrivingSchoolTestStudent@626abbd0]
at org.testng.internal.invokers.TestInvoker.invokeTestMethods(TestInvoker.java:149)
at org.testng.internal.invokers.TestMethodWorker.invokeTestMethods(TestMethodWorker.java:146)
at org.testng.internal.invokers.TestMethodWorker.run(TestMethodWorker.java:128)
at java.base/java.util.ArrayList.forEach(ArrayList.java:1511)
at org.testng.TestRunner.privateRun(TestRunner.java:808)
at org.testng.TestRunner.run(TestRunner.java:603)
at org.testng.SuiteRunner.runTest(SuiteRunner.java:429)
at org.testng.SuiteRunner.runSequentially(SuiteRunner.java:423)
at org.testng.SuiteRunner.privateRun(SuiteRunner.java:383)
at org.testng.SuiteRunner.run(SuiteRunner.java:326)
at org.testng.SuiteRunnerWorker.runSuite(SuiteRunnerWorker.java:52)
at org.testng.SuiteRunnerWorker.run(SuiteRunnerWorker.java:95)
at org.testng.TestNG.runSuitesSequentially(TestNG.java:1249)
at org.testng.TestNG.runSuitesLocally(TestNG.java:1169)
at org.testng.TestNG.runSuites(TestNG.java:1092)
at org.testng.TestNG.run(TestNG.java:1060)
at org.testng.remote.AbstractRemoteTestNG.run(AbstractRemoteTestNG.java:115)
at org.testng.remote.RemoteTestNG.initAndRun(RemoteTestNG.java:251)
at org.testng.remote.RemoteTestNG.main(RemoteTestNG.java:77)
]]>
            </full-stacktrace>
          </exception> <!-- java.lang.Throwable -->
          <reporter-output>
          </reporter-output>
        </test-method> <!-- choosepackage -->
        <test-method signature="choosepackagelocation()[pri:0, instance:com.drivingschool.DrivingSchoolTestStudent@626abbd0]" started-at="2022-05-09T16:10:47 IST" name="choosepackagelocation" finished-at="2022-05-09T16:10:47 IST" depends-on-methods="com.drivingschool.DrivingSchoolTestStudent.choosepackage" duration-ms="0" status="SKIP">
          <exception class="java.lang.Throwable">
            <message>
              <![CDATA[Method com.drivingschool.DrivingSchoolTestStudent.choosepackagelocation() on instance com.drivingschool.DrivingSchoolTestStudent@626abbd0 depends on not successfully finished methods 
[com.drivingschool.DrivingSchoolTestStudent.choosepackage() on instance com.drivingschool.DrivingSchoolTestStudent@626abbd0]]]>
            </message>
            <full-stacktrace>
              <![CDATA[java.lang.Throwable: Method com.drivingschool.DrivingSchoolTestStudent.choosepackagelocation() on instance com.drivingschool.DrivingSchoolTestStudent@626abbd0 depends on not successfully finished methods 
[com.drivingschool.DrivingSchoolTestStudent.choosepackage() on instance com.drivingschool.DrivingSchoolTestStudent@626abbd0]
at org.testng.internal.invokers.TestInvoker.invokeTestMethods(TestInvoker.java:149)
at org.testng.internal.invokers.TestMethodWorker.invokeTestMethods(TestMethodWorker.java:146)
at org.testng.internal.invokers.TestMethodWorker.run(TestMethodWorker.java:128)
at java.base/java.util.ArrayList.forEach(ArrayList.java:1511)
at org.testng.TestRunner.privateRun(TestRunner.java:808)
at org.testng.TestRunner.run(TestRunner.java:603)
at org.testng.SuiteRunner.runTest(SuiteRunner.java:429)
at org.testng.SuiteRunner.runSequentially(SuiteRunner.java:423)
at org.testng.SuiteRunner.privateRun(SuiteRunner.java:383)
at org.testng.SuiteRunner.run(SuiteRunner.java:326)
at org.testng.SuiteRunnerWorker.runSuite(SuiteRunnerWorker.java:52)
at org.testng.SuiteRunnerWorker.run(SuiteRunnerWorker.java:95)
at org.testng.TestNG.runSuitesSequentially(TestNG.java:1249)
at org.testng.TestNG.runSuitesLocally(TestNG.java:1169)
at org.testng.TestNG.runSuites(TestNG.java:1092)
at org.testng.TestNG.run(TestNG.java:1060)
at org.testng.remote.AbstractRemoteTestNG.run(AbstractRemoteTestNG.java:115)
at org.testng.remote.RemoteTestNG.initAndRun(RemoteTestNG.java:251)
at org.testng.remote.RemoteTestNG.main(RemoteTestNG.java:77)
]]>
            </full-stacktrace>
          </exception> <!-- java.lang.Throwable -->
          <reporter-output>
          </reporter-output>
        </test-method> <!-- choosepackagelocation -->
        <test-method signature="changepwd()[pri:0, instance:com.drivingschool.DrivingSchoolTestStudent@626abbd0]" started-at="2022-05-09T16:10:47 IST" name="changepwd" finished-at="2022-05-09T16:10:47 IST" depends-on-methods="com.drivingschool.DrivingSchoolTestStudent.choosepackagelocation" duration-ms="0" status="SKIP">
          <exception class="java.lang.Throwable">
            <message>
              <![CDATA[Method com.drivingschool.DrivingSchoolTestStudent.changepwd() on instance com.drivingschool.DrivingSchoolTestStudent@626abbd0 depends on not successfully finished methods 
[com.drivingschool.DrivingSchoolTestStudent.choosepackagelocation() on instance com.drivingschool.DrivingSchoolTestStudent@626abbd0]]]>
            </message>
            <full-stacktrace>
              <![CDATA[java.lang.Throwable: Method com.drivingschool.DrivingSchoolTestStudent.changepwd() on instance com.drivingschool.DrivingSchoolTestStudent@626abbd0 depends on not successfully finished methods 
[com.drivingschool.DrivingSchoolTestStudent.choosepackagelocation() on instance com.drivingschool.DrivingSchoolTestStudent@626abbd0]
at org.testng.internal.invokers.TestInvoker.invokeTestMethods(TestInvoker.java:149)
at org.testng.internal.invokers.TestMethodWorker.invokeTestMethods(TestMethodWorker.java:146)
at org.testng.internal.invokers.TestMethodWorker.run(TestMethodWorker.java:128)
at java.base/java.util.ArrayList.forEach(ArrayList.java:1511)
at org.testng.TestRunner.privateRun(TestRunner.java:808)
at org.testng.TestRunner.run(TestRunner.java:603)
at org.testng.SuiteRunner.runTest(SuiteRunner.java:429)
at org.testng.SuiteRunner.runSequentially(SuiteRunner.java:423)
at org.testng.SuiteRunner.privateRun(SuiteRunner.java:383)
at org.testng.SuiteRunner.run(SuiteRunner.java:326)
at org.testng.SuiteRunnerWorker.runSuite(SuiteRunnerWorker.java:52)
at org.testng.SuiteRunnerWorker.run(SuiteRunnerWorker.java:95)
at org.testng.TestNG.runSuitesSequentially(TestNG.java:1249)
at org.testng.TestNG.runSuitesLocally(TestNG.java:1169)
at org.testng.TestNG.runSuites(TestNG.java:1092)
at org.testng.TestNG.run(TestNG.java:1060)
at org.testng.remote.AbstractRemoteTestNG.run(AbstractRemoteTestNG.java:115)
at org.testng.remote.RemoteTestNG.initAndRun(RemoteTestNG.java:251)
at org.testng.remote.RemoteTestNG.main(RemoteTestNG.java:77)
]]>
            </full-stacktrace>
          </exception> <!-- java.lang.Throwable -->
          <reporter-output>
          </reporter-output>
        </test-method> <!-- changepwd -->
        <test-method signature="loginagain()[pri:0, instance:com.drivingschool.DrivingSchoolTestStudent@626abbd0]" started-at="2022-05-09T16:10:47 IST" name="loginagain" finished-at="2022-05-09T16:10:47 IST" depends-on-methods="com.drivingschool.DrivingSchoolTestStudent.changepwd" duration-ms="0" status="SKIP">
          <exception class="java.lang.Throwable">
            <message>
              <![CDATA[Method com.drivingschool.DrivingSchoolTestStudent.loginagain() on instance com.drivingschool.DrivingSchoolTestStudent@626abbd0 depends on not successfully finished methods 
[com.drivingschool.DrivingSchoolTestStudent.changepwd() on instance com.drivingschool.DrivingSchoolTestStudent@626abbd0]]]>
            </message>
            <full-stacktrace>
              <![CDATA[java.lang.Throwable: Method com.drivingschool.DrivingSchoolTestStudent.loginagain() on instance com.drivingschool.DrivingSchoolTestStudent@626abbd0 depends on not successfully finished methods 
[com.drivingschool.DrivingSchoolTestStudent.changepwd() on instance com.drivingschool.DrivingSchoolTestStudent@626abbd0]
at org.testng.internal.invokers.TestInvoker.invokeTestMethods(TestInvoker.java:149)
at org.testng.internal.invokers.TestMethodWorker.invokeTestMethods(TestMethodWorker.java:146)
at org.testng.internal.invokers.TestMethodWorker.run(TestMethodWorker.java:128)
at java.base/java.util.ArrayList.forEach(ArrayList.java:1511)
at org.testng.TestRunner.privateRun(TestRunner.java:808)
at org.testng.TestRunner.run(TestRunner.java:603)
at org.testng.SuiteRunner.runTest(SuiteRunner.java:429)
at org.testng.SuiteRunner.runSequentially(SuiteRunner.java:423)
at org.testng.SuiteRunner.privateRun(SuiteRunner.java:383)
at org.testng.SuiteRunner.run(SuiteRunner.java:326)
at org.testng.SuiteRunnerWorker.runSuite(SuiteRunnerWorker.java:52)
at org.testng.SuiteRunnerWorker.run(SuiteRunnerWorker.java:95)
at org.testng.TestNG.runSuitesSequentially(TestNG.java:1249)
at org.testng.TestNG.runSuitesLocally(TestNG.java:1169)
at org.testng.TestNG.runSuites(TestNG.java:1092)
at org.testng.TestNG.run(TestNG.java:1060)
at org.testng.remote.AbstractRemoteTestNG.run(AbstractRemoteTestNG.java:115)
at org.testng.remote.RemoteTestNG.initAndRun(RemoteTestNG.java:251)
at org.testng.remote.RemoteTestNG.main(RemoteTestNG.java:77)
]]>
            </full-stacktrace>
          </exception> <!-- java.lang.Throwable -->
          <reporter-output>
          </reporter-output>
        </test-method> <!-- loginagain -->
        <test-method signature="logout()[pri:0, instance:com.drivingschool.DrivingSchoolTestStudent@626abbd0]" started-at="2022-05-09T16:10:47 IST" name="logout" finished-at="2022-05-09T16:10:47 IST" depends-on-methods="com.drivingschool.DrivingSchoolTestStudent.loginagain" duration-ms="0" status="SKIP">
          <exception class="java.lang.Throwable">
            <message>
              <![CDATA[Method com.drivingschool.DrivingSchoolTestStudent.logout() on instance com.drivingschool.DrivingSchoolTestStudent@626abbd0 depends on not successfully finished methods 
[com.drivingschool.DrivingSchoolTestStudent.loginagain() on instance com.drivingschool.DrivingSchoolTestStudent@626abbd0]]]>
            </message>
            <full-stacktrace>
              <![CDATA[java.lang.Throwable: Method com.drivingschool.DrivingSchoolTestStudent.logout() on instance com.drivingschool.DrivingSchoolTestStudent@626abbd0 depends on not successfully finished methods 
[com.drivingschool.DrivingSchoolTestStudent.loginagain() on instance com.drivingschool.DrivingSchoolTestStudent@626abbd0]
at org.testng.internal.invokers.TestInvoker.invokeTestMethods(TestInvoker.java:149)
at org.testng.internal.invokers.TestMethodWorker.invokeTestMethods(TestMethodWorker.java:146)
at org.testng.internal.invokers.TestMethodWorker.run(TestMethodWorker.java:128)
at java.base/java.util.ArrayList.forEach(ArrayList.java:1511)
at org.testng.TestRunner.privateRun(TestRunner.java:808)
at org.testng.TestRunner.run(TestRunner.java:603)
at org.testng.SuiteRunner.runTest(SuiteRunner.java:429)
at org.testng.SuiteRunner.runSequentially(SuiteRunner.java:423)
at org.testng.SuiteRunner.privateRun(SuiteRunner.java:383)
at org.testng.SuiteRunner.run(SuiteRunner.java:326)
at org.testng.SuiteRunnerWorker.runSuite(SuiteRunnerWorker.java:52)
at org.testng.SuiteRunnerWorker.run(SuiteRunnerWorker.java:95)
at org.testng.TestNG.runSuitesSequentially(TestNG.java:1249)
at org.testng.TestNG.runSuitesLocally(TestNG.java:1169)
at org.testng.TestNG.runSuites(TestNG.java:1092)
at org.testng.TestNG.run(TestNG.java:1060)
at org.testng.remote.AbstractRemoteTestNG.run(AbstractRemoteTestNG.java:115)
at org.testng.remote.RemoteTestNG.initAndRun(RemoteTestNG.java:251)
at org.testng.remote.RemoteTestNG.main(RemoteTestNG.java:77)
]]>
            </full-stacktrace>
          </exception> <!-- java.lang.Throwable -->
          <reporter-output>
          </reporter-output>
        </test-method> <!-- logout -->
      </class> <!-- com.drivingschool.DrivingSchoolTestStudent -->
    </test> <!-- Default test -->
  </suite> <!-- Default suite -->
</testng-results>
